<?xml version="1.0" encoding="UTF-8"?>
<!-- Generated by org.testng.reporters.JUnitReportReporter -->
<testsuite hostname="Venkatesh" failures="0" tests="4" name="com.askmeOffers.EcommerceNewsPage" time="177.774" errors="0" timestamp="2024-04-29T01:05:46 IST" skipped="0">
  <testcase classname="com.askmeOffers.EcommerceNewsPage" name="checkImages" time="45.328"/>
  <testcase classname="com.askmeOffers.EcommerceNewsPage" name="verifyBrokenImages" time="23.155"/>
  <testcase classname="com.askmeOffers.EcommerceNewsPage" name="TestAllLinksOnHomepage" time="51.485"/>
  <testcase classname="com.askmeOffers.EcommerceNewsPage" name="verifyBrokenLinks" time="57.806"/>
</testsuite> <!-- com.askmeOffers.EcommerceNewsPage -->
