<?xml version="1.0" encoding="UTF-8"?>
<!-- Generated by org.testng.reporters.JUnitReportReporter -->
<testsuite hostname="Venkatesh" failures="0" tests="4" name="com.askmeOffers.navigateToTechPage" time="34.642" errors="0" timestamp="2024-04-29T01:05:46 IST" skipped="0">
  <testcase classname="com.askmeOffers.navigateToTechPage" name="checkImages" time="4.928"/>
  <testcase classname="com.askmeOffers.navigateToTechPage" name="verifyBrokenImages" time="4.066"/>
  <testcase classname="com.askmeOffers.navigateToTechPage" name="TestAllLinksOnHomepage" time="5.101"/>
  <testcase classname="com.askmeOffers.navigateToTechPage" name="verifyBrokenLinks" time="20.547"/>
</testsuite> <!-- com.askmeOffers.navigateToTechPage -->
