<?xml version="1.0" encoding="UTF-8"?>
<!-- Generated by org.testng.reporters.JUnitReportReporter -->
<testsuite hostname="Venkatesh" failures="0" tests="4" name="com.askmeOffers.HealthPage" time="59.101" errors="0" timestamp="2024-04-29T01:05:46 IST" skipped="0">
  <testcase classname="com.askmeOffers.HealthPage" name="checkImages" time="15.709"/>
  <testcase classname="com.askmeOffers.HealthPage" name="verifyBrokenImages" time="8.828"/>
  <testcase classname="com.askmeOffers.HealthPage" name="TestAllLinksOnHomepage" time="9.295"/>
  <testcase classname="com.askmeOffers.HealthPage" name="verifyBrokenLinks" time="25.269"/>
</testsuite> <!-- com.askmeOffers.HealthPage -->
