<?xml version="1.0" encoding="UTF-8"?>
<!-- Generated by org.testng.reporters.JUnitReportReporter -->
<testsuite hostname="Venkatesh" failures="0" tests="4" name="com.askmeOffers.OurHistoryPage" time="22.728" errors="0" timestamp="2024-04-29T01:05:46 IST" skipped="0">
  <testcase classname="com.askmeOffers.OurHistoryPage" name="checkImages" time="3.897"/>
  <testcase classname="com.askmeOffers.OurHistoryPage" name="verifyBrokenImages" time="2.210"/>
  <testcase classname="com.askmeOffers.OurHistoryPage" name="TestAllLinksOnHomepage" time="3.054"/>
  <testcase classname="com.askmeOffers.OurHistoryPage" name="verifyBrokenLinks" time="13.567"/>
</testsuite> <!-- com.askmeOffers.OurHistoryPage -->
