<?xml version="1.0" encoding="UTF-8"?>
<!-- Generated by org.testng.reporters.JUnitReportReporter -->
<testsuite hostname="Venkatesh" failures="0" tests="4" name="com.askmeOffers.HomePage" time="31.753" errors="0" timestamp="2024-04-29T01:05:46 IST" skipped="0">
  <testcase classname="com.askmeOffers.HomePage" name="checkImages" time="7.119"/>
  <testcase classname="com.askmeOffers.HomePage" name="verifyBrokenImages" time="4.163"/>
  <testcase classname="com.askmeOffers.HomePage" name="TestAllLinksOnHomepage" time="5.367"/>
  <testcase classname="com.askmeOffers.HomePage" name="verifyBrokenLinks" time="15.104"/>
</testsuite> <!-- com.askmeOffers.HomePage -->
