<?xml version="1.0" encoding="UTF-8"?>
<!-- Generated by org.testng.reporters.JUnitReportReporter -->
<testsuite hostname="Venkatesh" failures="0" tests="14" name="com.askmeOffers.HomepageSearch" time="24.035" errors="0" timestamp="2024-04-29T01:05:46 IST" skipped="0">
  <testcase classname="com.askmeOffers.HomepageSearch" name="testSearch" time="2.273"/>
  <testcase classname="com.askmeOffers.HomepageSearch" name="testSearch" time="2.270"/>
  <testcase classname="com.askmeOffers.HomepageSearch" name="testSearch" time="2.318"/>
  <testcase classname="com.askmeOffers.HomepageSearch" name="testSearch" time="2.292"/>
  <testcase classname="com.askmeOffers.HomepageSearch" name="testSearch" time="2.293"/>
  <testcase classname="com.askmeOffers.HomepageSearch" name="testSearch" time="2.283"/>
  <testcase classname="com.askmeOffers.HomepageSearch" name="testSearch" time="2.283"/>
  <testcase classname="com.askmeOffers.HomepageSearch" name="testSearch" time="2.331"/>
  <testcase classname="com.askmeOffers.HomepageSearch" name="testSearch" time="2.230"/>
  <testcase classname="com.askmeOffers.HomepageSearch" name="testSearch" time="2.326"/>
  <testcase classname="com.askmeOffers.HomepageSearch" name="testInvalidSearchQueries" time="0.285"/>
  <testcase classname="com.askmeOffers.HomepageSearch" name="testInvalidSearchQueries" time="0.260"/>
  <testcase classname="com.askmeOffers.HomepageSearch" name="testInvalidSearchQueries" time="0.266"/>
  <testcase classname="com.askmeOffers.HomepageSearch" name="testSearchResultsDisplayed" time="0.325"/>
</testsuite> <!-- com.askmeOffers.HomepageSearch -->
