<?xml version="1.0" encoding="UTF-8"?>
<!-- Generated by org.testng.reporters.JUnitReportReporter -->
<testsuite hostname="Venkatesh" failures="0" tests="4" name="com.askmeOffers.AboutUsPage" time="20.567" errors="0" timestamp="2024-04-29T01:05:46 IST" skipped="0">
  <testcase classname="com.askmeOffers.AboutUsPage" name="checkImages" time="2.516"/>
  <testcase classname="com.askmeOffers.AboutUsPage" name="verifyBrokenImages" time="2.525"/>
  <testcase classname="com.askmeOffers.AboutUsPage" name="TestAllLinksOnHomepage" time="3.301"/>
  <testcase classname="com.askmeOffers.AboutUsPage" name="verifyBrokenLinks" time="12.225"/>
</testsuite> <!-- com.askmeOffers.AboutUsPage -->
