<?xml version="1.0" encoding="UTF-8"?>
<!-- Generated by org.testng.reporters.JUnitReportReporter -->
<testsuite hostname="Venkatesh" failures="0" tests="4" name="com.askmeOffers.BreakingNewsPage" time="42.507" errors="0" timestamp="2024-04-29T01:05:46 IST" skipped="0">
  <testcase classname="com.askmeOffers.BreakingNewsPage" name="checkImages" time="6.956"/>
  <testcase classname="com.askmeOffers.BreakingNewsPage" name="verifyBrokenImages" time="4.738"/>
  <testcase classname="com.askmeOffers.BreakingNewsPage" name="TestAllLinksOnHomepage" time="8.135"/>
  <testcase classname="com.askmeOffers.BreakingNewsPage" name="verifyBrokenLinks" time="22.678"/>
</testsuite> <!-- com.askmeOffers.BreakingNewsPage -->
